<?xml version="1.0" encoding="UTF-8"?>
<!-- Generated by org.testng.reporters.JUnitReportReporter -->
<testsuite hostname="Sadias-MacBook-Air.local" failures="0" tests="1" name="TestRunner" time="4.938" errors="0" timestamp="2021-05-08T10:37:00 EDT" skipped="0">
  <testcase classname="TestRunner" name="runScenario" time="4.938"/>
  <system-out/>
</testsuite> <!-- TestRunner -->
